CRITICAL - 2023-07-04 14:46:53 --> Class 'App\Models\Entity\Class' does not exist
in VENDORPATH\doctrine\persistence\src\Persistence\Mapping\MappingException.php on line 80.
 1 VENDORPATH\doctrine\persistence\src\Persistence\Mapping\RuntimeReflectionService.php(39): Doctrine\Persistence\Mapping\MappingException::nonExistingClass('App\\Models\\Entity\\Class')
 2 VENDORPATH\doctrine\persistence\src\Persistence\Mapping\AbstractClassMetadataFactory.php(283): Doctrine\Persistence\Mapping\RuntimeReflectionService->getParentClasses('App\\Models\\Entity\\Class')
 3 VENDORPATH\doctrine\persistence\src\Persistence\Mapping\AbstractClassMetadataFactory.php(318): Doctrine\Persistence\Mapping\AbstractClassMetadataFactory->getParentClasses('App\\Models\\Entity\\Class')
 4 VENDORPATH\doctrine\persistence\src\Persistence\Mapping\AbstractClassMetadataFactory.php(207): Doctrine\Persistence\Mapping\AbstractClassMetadataFactory->loadMetadata('App\\Models\\Entity\\Class')
 5 VENDORPATH\doctrine\orm\lib\Doctrine\ORM\EntityManager.php(318): Doctrine\Persistence\Mapping\AbstractClassMetadataFactory->getMetadataFor('App\\Models\\Entity\\Class')
 6 VENDORPATH\doctrine\orm\lib\Doctrine\ORM\Repository\DefaultRepositoryFactory.php(32): Doctrine\ORM\EntityManager->getClassMetadata('App\\Models\\Entity\\Class')
 7 VENDORPATH\doctrine\orm\lib\Doctrine\ORM\EntityManager.php(825): Doctrine\ORM\Repository\DefaultRepositoryFactory->getRepository(Object(Doctrine\ORM\EntityManager), 'App\\Models\\Entity\\Class')
 8 APPPATH\Controllers\Home.php(10): Doctrine\ORM\EntityManager->getRepository('App\\Models\\Entity\\Class')
 9 SYSTEMPATH\CodeIgniter.php(932): App\Controllers\Home->index()
10 SYSTEMPATH\CodeIgniter.php(497): CodeIgniter\CodeIgniter->runController(Object(App\Controllers\Home))
11 SYSTEMPATH\CodeIgniter.php(366): CodeIgniter\CodeIgniter->handleRequest(null, Object(Config\Cache), false)
12 FCPATH\index.php(67): CodeIgniter\CodeIgniter->run()
13 SYSTEMPATH\Commands\Server\rewrite.php(47): require_once('C:\\Users\\SirWe\\Downloads\\codeigniter4-framework-e392123\\public\\index.php')
CRITICAL - 2023-07-04 14:49:20 --> Class 'App\Models\Entity\Class' does not exist
in VENDORPATH\doctrine\persistence\src\Persistence\Mapping\MappingException.php on line 80.
 1 VENDORPATH\doctrine\persistence\src\Persistence\Mapping\RuntimeReflectionService.php(39): Doctrine\Persistence\Mapping\MappingException::nonExistingClass('App\\Models\\Entity\\Class')
 2 VENDORPATH\doctrine\persistence\src\Persistence\Mapping\AbstractClassMetadataFactory.php(283): Doctrine\Persistence\Mapping\RuntimeReflectionService->getParentClasses('App\\Models\\Entity\\Class')
 3 VENDORPATH\doctrine\persistence\src\Persistence\Mapping\AbstractClassMetadataFactory.php(318): Doctrine\Persistence\Mapping\AbstractClassMetadataFactory->getParentClasses('App\\Models\\Entity\\Class')
 4 VENDORPATH\doctrine\persistence\src\Persistence\Mapping\AbstractClassMetadataFactory.php(207): Doctrine\Persistence\Mapping\AbstractClassMetadataFactory->loadMetadata('App\\Models\\Entity\\Class')
 5 VENDORPATH\doctrine\orm\lib\Doctrine\ORM\EntityManager.php(318): Doctrine\Persistence\Mapping\AbstractClassMetadataFactory->getMetadataFor('App\\Models\\Entity\\Class')
 6 VENDORPATH\doctrine\orm\lib\Doctrine\ORM\Repository\DefaultRepositoryFactory.php(32): Doctrine\ORM\EntityManager->getClassMetadata('App\\Models\\Entity\\Class')
 7 VENDORPATH\doctrine\orm\lib\Doctrine\ORM\EntityManager.php(825): Doctrine\ORM\Repository\DefaultRepositoryFactory->getRepository(Object(Doctrine\ORM\EntityManager), 'App\\Models\\Entity\\Class')
 8 APPPATH\Controllers\Home.php(10): Doctrine\ORM\EntityManager->getRepository('App\\Models\\Entity\\Class')
 9 SYSTEMPATH\CodeIgniter.php(932): App\Controllers\Home->index()
10 SYSTEMPATH\CodeIgniter.php(497): CodeIgniter\CodeIgniter->runController(Object(App\Controllers\Home))
11 SYSTEMPATH\CodeIgniter.php(366): CodeIgniter\CodeIgniter->handleRequest(null, Object(Config\Cache), false)
12 FCPATH\index.php(67): CodeIgniter\CodeIgniter->run()
13 SYSTEMPATH\Commands\Server\rewrite.php(47): require_once('C:\\Users\\SirWe\\Downloads\\codeigniter4-framework-e392123\\public\\index.php')
CRITICAL - 2023-07-04 14:49:22 --> Class 'App\Models\Entity\Class' does not exist
in VENDORPATH\doctrine\persistence\src\Persistence\Mapping\MappingException.php on line 80.
 1 VENDORPATH\doctrine\persistence\src\Persistence\Mapping\RuntimeReflectionService.php(39): Doctrine\Persistence\Mapping\MappingException::nonExistingClass('App\\Models\\Entity\\Class')
 2 VENDORPATH\doctrine\persistence\src\Persistence\Mapping\AbstractClassMetadataFactory.php(283): Doctrine\Persistence\Mapping\RuntimeReflectionService->getParentClasses('App\\Models\\Entity\\Class')
 3 VENDORPATH\doctrine\persistence\src\Persistence\Mapping\AbstractClassMetadataFactory.php(318): Doctrine\Persistence\Mapping\AbstractClassMetadataFactory->getParentClasses('App\\Models\\Entity\\Class')
 4 VENDORPATH\doctrine\persistence\src\Persistence\Mapping\AbstractClassMetadataFactory.php(207): Doctrine\Persistence\Mapping\AbstractClassMetadataFactory->loadMetadata('App\\Models\\Entity\\Class')
 5 VENDORPATH\doctrine\orm\lib\Doctrine\ORM\EntityManager.php(318): Doctrine\Persistence\Mapping\AbstractClassMetadataFactory->getMetadataFor('App\\Models\\Entity\\Class')
 6 VENDORPATH\doctrine\orm\lib\Doctrine\ORM\Repository\DefaultRepositoryFactory.php(32): Doctrine\ORM\EntityManager->getClassMetadata('App\\Models\\Entity\\Class')
 7 VENDORPATH\doctrine\orm\lib\Doctrine\ORM\EntityManager.php(825): Doctrine\ORM\Repository\DefaultRepositoryFactory->getRepository(Object(Doctrine\ORM\EntityManager), 'App\\Models\\Entity\\Class')
 8 APPPATH\Controllers\Home.php(10): Doctrine\ORM\EntityManager->getRepository('App\\Models\\Entity\\Class')
 9 SYSTEMPATH\CodeIgniter.php(932): App\Controllers\Home->index()
10 SYSTEMPATH\CodeIgniter.php(497): CodeIgniter\CodeIgniter->runController(Object(App\Controllers\Home))
11 SYSTEMPATH\CodeIgniter.php(366): CodeIgniter\CodeIgniter->handleRequest(null, Object(Config\Cache), false)
12 FCPATH\index.php(67): CodeIgniter\CodeIgniter->run()
13 SYSTEMPATH\Commands\Server\rewrite.php(47): require_once('C:\\Users\\SirWe\\Downloads\\codeigniter4-framework-e392123\\public\\index.php')
CRITICAL - 2023-07-04 14:49:24 --> Class 'App\Models\Entity\Class' does not exist
in VENDORPATH\doctrine\persistence\src\Persistence\Mapping\MappingException.php on line 80.
 1 VENDORPATH\doctrine\persistence\src\Persistence\Mapping\RuntimeReflectionService.php(39): Doctrine\Persistence\Mapping\MappingException::nonExistingClass('App\\Models\\Entity\\Class')
 2 VENDORPATH\doctrine\persistence\src\Persistence\Mapping\AbstractClassMetadataFactory.php(283): Doctrine\Persistence\Mapping\RuntimeReflectionService->getParentClasses('App\\Models\\Entity\\Class')
 3 VENDORPATH\doctrine\persistence\src\Persistence\Mapping\AbstractClassMetadataFactory.php(318): Doctrine\Persistence\Mapping\AbstractClassMetadataFactory->getParentClasses('App\\Models\\Entity\\Class')
 4 VENDORPATH\doctrine\persistence\src\Persistence\Mapping\AbstractClassMetadataFactory.php(207): Doctrine\Persistence\Mapping\AbstractClassMetadataFactory->loadMetadata('App\\Models\\Entity\\Class')
 5 VENDORPATH\doctrine\orm\lib\Doctrine\ORM\EntityManager.php(318): Doctrine\Persistence\Mapping\AbstractClassMetadataFactory->getMetadataFor('App\\Models\\Entity\\Class')
 6 VENDORPATH\doctrine\orm\lib\Doctrine\ORM\Repository\DefaultRepositoryFactory.php(32): Doctrine\ORM\EntityManager->getClassMetadata('App\\Models\\Entity\\Class')
 7 VENDORPATH\doctrine\orm\lib\Doctrine\ORM\EntityManager.php(825): Doctrine\ORM\Repository\DefaultRepositoryFactory->getRepository(Object(Doctrine\ORM\EntityManager), 'App\\Models\\Entity\\Class')
 8 APPPATH\Controllers\Home.php(10): Doctrine\ORM\EntityManager->getRepository('App\\Models\\Entity\\Class')
 9 SYSTEMPATH\CodeIgniter.php(932): App\Controllers\Home->index()
10 SYSTEMPATH\CodeIgniter.php(497): CodeIgniter\CodeIgniter->runController(Object(App\Controllers\Home))
11 SYSTEMPATH\CodeIgniter.php(366): CodeIgniter\CodeIgniter->handleRequest(null, Object(Config\Cache), false)
12 FCPATH\index.php(67): CodeIgniter\CodeIgniter->run()
13 SYSTEMPATH\Commands\Server\rewrite.php(47): require_once('C:\\Users\\SirWe\\Downloads\\codeigniter4-framework-e392123\\public\\index.php')
CRITICAL - 2023-07-04 14:49:25 --> Class 'App\Models\Entity\Class' does not exist
in VENDORPATH\doctrine\persistence\src\Persistence\Mapping\MappingException.php on line 80.
 1 VENDORPATH\doctrine\persistence\src\Persistence\Mapping\RuntimeReflectionService.php(39): Doctrine\Persistence\Mapping\MappingException::nonExistingClass('App\\Models\\Entity\\Class')
 2 VENDORPATH\doctrine\persistence\src\Persistence\Mapping\AbstractClassMetadataFactory.php(283): Doctrine\Persistence\Mapping\RuntimeReflectionService->getParentClasses('App\\Models\\Entity\\Class')
 3 VENDORPATH\doctrine\persistence\src\Persistence\Mapping\AbstractClassMetadataFactory.php(318): Doctrine\Persistence\Mapping\AbstractClassMetadataFactory->getParentClasses('App\\Models\\Entity\\Class')
 4 VENDORPATH\doctrine\persistence\src\Persistence\Mapping\AbstractClassMetadataFactory.php(207): Doctrine\Persistence\Mapping\AbstractClassMetadataFactory->loadMetadata('App\\Models\\Entity\\Class')
 5 VENDORPATH\doctrine\orm\lib\Doctrine\ORM\EntityManager.php(318): Doctrine\Persistence\Mapping\AbstractClassMetadataFactory->getMetadataFor('App\\Models\\Entity\\Class')
 6 VENDORPATH\doctrine\orm\lib\Doctrine\ORM\Repository\DefaultRepositoryFactory.php(32): Doctrine\ORM\EntityManager->getClassMetadata('App\\Models\\Entity\\Class')
 7 VENDORPATH\doctrine\orm\lib\Doctrine\ORM\EntityManager.php(825): Doctrine\ORM\Repository\DefaultRepositoryFactory->getRepository(Object(Doctrine\ORM\EntityManager), 'App\\Models\\Entity\\Class')
 8 APPPATH\Controllers\Home.php(10): Doctrine\ORM\EntityManager->getRepository('App\\Models\\Entity\\Class')
 9 SYSTEMPATH\CodeIgniter.php(932): App\Controllers\Home->index()
10 SYSTEMPATH\CodeIgniter.php(497): CodeIgniter\CodeIgniter->runController(Object(App\Controllers\Home))
11 SYSTEMPATH\CodeIgniter.php(366): CodeIgniter\CodeIgniter->handleRequest(null, Object(Config\Cache), false)
12 FCPATH\index.php(67): CodeIgniter\CodeIgniter->run()
13 SYSTEMPATH\Commands\Server\rewrite.php(47): require_once('C:\\Users\\SirWe\\Downloads\\codeigniter4-framework-e392123\\public\\index.php')
CRITICAL - 2023-07-04 14:49:38 --> view(): Argument #2 ($data) must be of type array, App\Models\Entity\Atividade given, called in C:\Users\SirWe\Downloads\codeigniter4-framework-e392123\app\Controllers\Home.php on line 11
in SYSTEMPATH\Common.php on line 1168.
 1 APPPATH\Controllers\Home.php(11): view('welcome_message', Object(App\Models\Entity\Atividade))
 2 SYSTEMPATH\CodeIgniter.php(932): App\Controllers\Home->index()
 3 SYSTEMPATH\CodeIgniter.php(497): CodeIgniter\CodeIgniter->runController(Object(App\Controllers\Home))
 4 SYSTEMPATH\CodeIgniter.php(366): CodeIgniter\CodeIgniter->handleRequest(null, Object(Config\Cache), false)
 5 FCPATH\index.php(67): CodeIgniter\CodeIgniter->run()
 6 SYSTEMPATH\Commands\Server\rewrite.php(47): require_once('C:\\Users\\SirWe\\Downloads\\codeigniter4-framework-e392123\\public\\index.php')
CRITICAL - 2023-07-04 15:11:24 --> Call to undefined function App\Controllers\doctrine_instance()
in APPPATH\Controllers\Atividades.php on line 18.
 1 SYSTEMPATH\CodeIgniter.php(932): App\Controllers\Atividades->projeto()
 2 SYSTEMPATH\CodeIgniter.php(497): CodeIgniter\CodeIgniter->runController(Object(App\Controllers\Atividades))
 3 SYSTEMPATH\CodeIgniter.php(366): CodeIgniter\CodeIgniter->handleRequest(null, Object(Config\Cache), false)
 4 FCPATH\index.php(67): CodeIgniter\CodeIgniter->run()
 5 SYSTEMPATH\Commands\Server\rewrite.php(47): require_once('C:\\Users\\SirWe\\Downloads\\codeigniter4-framework-e392123\\public\\index.php')
CRITICAL - 2023-07-04 15:23:56 --> Call to undefined function App\Controllers\doctrine_instance()
in APPPATH\Controllers\Atividades.php on line 18.
 1 SYSTEMPATH\CodeIgniter.php(932): App\Controllers\Atividades->projeto()
 2 SYSTEMPATH\CodeIgniter.php(497): CodeIgniter\CodeIgniter->runController(Object(App\Controllers\Atividades))
 3 SYSTEMPATH\CodeIgniter.php(366): CodeIgniter\CodeIgniter->handleRequest(null, Object(Config\Cache), false)
 4 FCPATH\index.php(67): CodeIgniter\CodeIgniter->run()
 5 SYSTEMPATH\Commands\Server\rewrite.php(47): require_once('C:\\Users\\SirWe\\Downloads\\codeigniter4-framework-e392123\\public\\index.php')
CRITICAL - 2023-07-04 15:28:19 --> Unrecognized field: App\Models\Entity\Atividade::$idProjeto
in VENDORPATH\doctrine\orm\lib\Doctrine\ORM\Persisters\Exception\UnrecognizedField.php on line 22.
 1 VENDORPATH\doctrine\orm\lib\Doctrine\ORM\Persisters\Entity\BasicEntityPersister.php(1760): Doctrine\ORM\Persisters\Exception\UnrecognizedField::byFullyQualifiedName('App\\Models\\Entity\\Atividade', 'idProjeto')
 2 VENDORPATH\doctrine\orm\lib\Doctrine\ORM\Persisters\Entity\BasicEntityPersister.php(1631): Doctrine\ORM\Persisters\Entity\BasicEntityPersister->getSelectConditionStatementColumnSQL('idProjeto', null)
 3 VENDORPATH\doctrine\orm\lib\Doctrine\ORM\Persisters\Entity\BasicEntityPersister.php(1781): Doctrine\ORM\Persisters\Entity\BasicEntityPersister->getSelectConditionStatementSQL('idProjeto', 27, null)
 4 VENDORPATH\doctrine\orm\lib\Doctrine\ORM\Persisters\Entity\BasicEntityPersister.php(1092): Doctrine\ORM\Persisters\Entity\BasicEntityPersister->getSelectConditionSQL([...], null)
 5 VENDORPATH\doctrine\orm\lib\Doctrine\ORM\Persisters\Entity\BasicEntityPersister.php(746): Doctrine\ORM\Persisters\Entity\BasicEntityPersister->getSelectSQL([...], null, null, 1, null, null)
 6 VENDORPATH\doctrine\orm\lib\Doctrine\ORM\EntityRepository.php(241): Doctrine\ORM\Persisters\Entity\BasicEntityPersister->load([...], null, null, [], null, 1, null)
 7 APPPATH\Controllers\Atividades.php(20): Doctrine\ORM\EntityRepository->findOneBy([...])
 8 SYSTEMPATH\CodeIgniter.php(932): App\Controllers\Atividades->projeto()
 9 SYSTEMPATH\CodeIgniter.php(497): CodeIgniter\CodeIgniter->runController(Object(App\Controllers\Atividades))
10 SYSTEMPATH\CodeIgniter.php(366): CodeIgniter\CodeIgniter->handleRequest(null, Object(Config\Cache), false)
11 FCPATH\index.php(67): CodeIgniter\CodeIgniter->run()
12 SYSTEMPATH\Commands\Server\rewrite.php(47): require_once('C:\\Users\\SirWe\\Downloads\\codeigniter4-framework-e392123\\public\\index.php')
CRITICAL - 2023-07-04 15:31:58 --> Unrecognized field: App\Models\Entity\Atividade::$dataCadastro
in VENDORPATH\doctrine\orm\lib\Doctrine\ORM\Persisters\Exception\UnrecognizedField.php on line 22.
 1 VENDORPATH\doctrine\orm\lib\Doctrine\ORM\Persisters\Entity\BasicEntityPersister.php(1202): Doctrine\ORM\Persisters\Exception\UnrecognizedField::byFullyQualifiedName('App\\Models\\Entity\\Atividade', 'dataCadastro')
 2 VENDORPATH\doctrine\orm\lib\Doctrine\ORM\Persisters\Entity\BasicEntityPersister.php(1087): Doctrine\ORM\Persisters\Entity\BasicEntityPersister->getOrderBySQL([...], 't0')
 3 VENDORPATH\doctrine\orm\lib\Doctrine\ORM\Persisters\Entity\BasicEntityPersister.php(914): Doctrine\ORM\Persisters\Entity\BasicEntityPersister->getSelectSQL([...], null, null, null, null, [...])
 4 VENDORPATH\doctrine\orm\lib\Doctrine\ORM\EntityRepository.php(225): Doctrine\ORM\Persisters\Entity\BasicEntityPersister->loadAll([...], [...], null, null)
 5 APPPATH\Controllers\Atividades.php(21): Doctrine\ORM\EntityRepository->findBy([...], [...])
 6 SYSTEMPATH\CodeIgniter.php(932): App\Controllers\Atividades->projeto()
 7 SYSTEMPATH\CodeIgniter.php(497): CodeIgniter\CodeIgniter->runController(Object(App\Controllers\Atividades))
 8 SYSTEMPATH\CodeIgniter.php(366): CodeIgniter\CodeIgniter->handleRequest(null, Object(Config\Cache), false)
 9 FCPATH\index.php(67): CodeIgniter\CodeIgniter->run()
10 SYSTEMPATH\Commands\Server\rewrite.php(47): require_once('C:\\Users\\SirWe\\Downloads\\codeigniter4-framework-e392123\\public\\index.php')
CRITICAL - 2023-07-04 15:32:01 --> Unrecognized field: App\Models\Entity\Atividade::$dataCadastro
in VENDORPATH\doctrine\orm\lib\Doctrine\ORM\Persisters\Exception\UnrecognizedField.php on line 22.
 1 VENDORPATH\doctrine\orm\lib\Doctrine\ORM\Persisters\Entity\BasicEntityPersister.php(1202): Doctrine\ORM\Persisters\Exception\UnrecognizedField::byFullyQualifiedName('App\\Models\\Entity\\Atividade', 'dataCadastro')
 2 VENDORPATH\doctrine\orm\lib\Doctrine\ORM\Persisters\Entity\BasicEntityPersister.php(1087): Doctrine\ORM\Persisters\Entity\BasicEntityPersister->getOrderBySQL([...], 't0')
 3 VENDORPATH\doctrine\orm\lib\Doctrine\ORM\Persisters\Entity\BasicEntityPersister.php(914): Doctrine\ORM\Persisters\Entity\BasicEntityPersister->getSelectSQL([...], null, null, null, null, [...])
 4 VENDORPATH\doctrine\orm\lib\Doctrine\ORM\EntityRepository.php(225): Doctrine\ORM\Persisters\Entity\BasicEntityPersister->loadAll([...], [...], null, null)
 5 APPPATH\Controllers\Atividades.php(21): Doctrine\ORM\EntityRepository->findBy([...], [...])
 6 SYSTEMPATH\CodeIgniter.php(932): App\Controllers\Atividades->projeto()
 7 SYSTEMPATH\CodeIgniter.php(497): CodeIgniter\CodeIgniter->runController(Object(App\Controllers\Atividades))
 8 SYSTEMPATH\CodeIgniter.php(366): CodeIgniter\CodeIgniter->handleRequest(null, Object(Config\Cache), false)
 9 FCPATH\index.php(67): CodeIgniter\CodeIgniter->run()
10 SYSTEMPATH\Commands\Server\rewrite.php(47): require_once('C:\\Users\\SirWe\\Downloads\\codeigniter4-framework-e392123\\public\\index.php')
CRITICAL - 2023-07-04 15:32:04 --> Unrecognized field: App\Models\Entity\Atividade::$dataCadastro
in VENDORPATH\doctrine\orm\lib\Doctrine\ORM\Persisters\Exception\UnrecognizedField.php on line 22.
 1 VENDORPATH\doctrine\orm\lib\Doctrine\ORM\Persisters\Entity\BasicEntityPersister.php(1202): Doctrine\ORM\Persisters\Exception\UnrecognizedField::byFullyQualifiedName('App\\Models\\Entity\\Atividade', 'dataCadastro')
 2 VENDORPATH\doctrine\orm\lib\Doctrine\ORM\Persisters\Entity\BasicEntityPersister.php(1087): Doctrine\ORM\Persisters\Entity\BasicEntityPersister->getOrderBySQL([...], 't0')
 3 VENDORPATH\doctrine\orm\lib\Doctrine\ORM\Persisters\Entity\BasicEntityPersister.php(914): Doctrine\ORM\Persisters\Entity\BasicEntityPersister->getSelectSQL([...], null, null, null, null, [...])
 4 VENDORPATH\doctrine\orm\lib\Doctrine\ORM\EntityRepository.php(225): Doctrine\ORM\Persisters\Entity\BasicEntityPersister->loadAll([...], [...], null, null)
 5 APPPATH\Controllers\Atividades.php(21): Doctrine\ORM\EntityRepository->findBy([...], [...])
 6 SYSTEMPATH\CodeIgniter.php(932): App\Controllers\Atividades->projeto()
 7 SYSTEMPATH\CodeIgniter.php(497): CodeIgniter\CodeIgniter->runController(Object(App\Controllers\Atividades))
 8 SYSTEMPATH\CodeIgniter.php(366): CodeIgniter\CodeIgniter->handleRequest(null, Object(Config\Cache), false)
 9 FCPATH\index.php(67): CodeIgniter\CodeIgniter->run()
10 SYSTEMPATH\Commands\Server\rewrite.php(47): require_once('C:\\Users\\SirWe\\Downloads\\codeigniter4-framework-e392123\\public\\index.php')
CRITICAL - 2023-07-04 15:36:15 --> Unrecognized field: App\Models\Entity\Atividade::$idProjeto
in VENDORPATH\doctrine\orm\lib\Doctrine\ORM\Persisters\Exception\UnrecognizedField.php on line 22.
 1 VENDORPATH\doctrine\orm\lib\Doctrine\ORM\Persisters\Entity\BasicEntityPersister.php(1760): Doctrine\ORM\Persisters\Exception\UnrecognizedField::byFullyQualifiedName('App\\Models\\Entity\\Atividade', 'idProjeto')
 2 VENDORPATH\doctrine\orm\lib\Doctrine\ORM\Persisters\Entity\BasicEntityPersister.php(1631): Doctrine\ORM\Persisters\Entity\BasicEntityPersister->getSelectConditionStatementColumnSQL('idProjeto', null)
 3 VENDORPATH\doctrine\orm\lib\Doctrine\ORM\Persisters\Entity\BasicEntityPersister.php(1781): Doctrine\ORM\Persisters\Entity\BasicEntityPersister->getSelectConditionStatementSQL('idProjeto', 27, null)
 4 VENDORPATH\doctrine\orm\lib\Doctrine\ORM\Persisters\Entity\BasicEntityPersister.php(1092): Doctrine\ORM\Persisters\Entity\BasicEntityPersister->getSelectConditionSQL([...], null)
 5 VENDORPATH\doctrine\orm\lib\Doctrine\ORM\Persisters\Entity\BasicEntityPersister.php(914): Doctrine\ORM\Persisters\Entity\BasicEntityPersister->getSelectSQL([...], null, null, null, null, null)
 6 VENDORPATH\doctrine\orm\lib\Doctrine\ORM\EntityRepository.php(225): Doctrine\ORM\Persisters\Entity\BasicEntityPersister->loadAll([...], null, null, null)
 7 APPPATH\Controllers\Atividades.php(21): Doctrine\ORM\EntityRepository->findBy([...])
 8 SYSTEMPATH\CodeIgniter.php(932): App\Controllers\Atividades->projeto()
 9 SYSTEMPATH\CodeIgniter.php(497): CodeIgniter\CodeIgniter->runController(Object(App\Controllers\Atividades))
10 SYSTEMPATH\CodeIgniter.php(366): CodeIgniter\CodeIgniter->handleRequest(null, Object(Config\Cache), false)
11 FCPATH\index.php(67): CodeIgniter\CodeIgniter->run()
12 SYSTEMPATH\Commands\Server\rewrite.php(47): require_once('C:\\Users\\SirWe\\Downloads\\codeigniter4-framework-e392123\\public\\index.php')
CRITICAL - 2023-07-04 16:15:08 --> App\Models\Entity\Atividade::setIdprojeto(): Argument #1 ($idprojeto) must be of type ?App\Models\Entity\Projeto, int given, called in C:\Users\SirWe\Downloads\codeigniter4-framework-e392123\app\Controllers\Atividades.php on line 67
in APPPATH\Models\Entity\Atividade.php on line 115.
 1 APPPATH\Controllers\Atividades.php(67): App\Models\Entity\Atividade->setIdprojeto(27)
 2 SYSTEMPATH\CodeIgniter.php(932): App\Controllers\Atividades->cadastrar()
 3 SYSTEMPATH\CodeIgniter.php(497): CodeIgniter\CodeIgniter->runController(Object(App\Controllers\Atividades))
 4 SYSTEMPATH\CodeIgniter.php(366): CodeIgniter\CodeIgniter->handleRequest(null, Object(Config\Cache), false)
 5 FCPATH\index.php(67): CodeIgniter\CodeIgniter->run()
 6 SYSTEMPATH\Commands\Server\rewrite.php(47): require_once('C:\\Users\\SirWe\\Downloads\\codeigniter4-framework-e392123\\public\\index.php')
CRITICAL - 2023-07-04 16:20:03 --> Class 'App\Controllers\Projeto' does not exist
in VENDORPATH\doctrine\persistence\src\Persistence\Mapping\MappingException.php on line 80.
 1 VENDORPATH\doctrine\persistence\src\Persistence\Mapping\RuntimeReflectionService.php(39): Doctrine\Persistence\Mapping\MappingException::nonExistingClass('App\\Controllers\\Projeto')
 2 VENDORPATH\doctrine\persistence\src\Persistence\Mapping\AbstractClassMetadataFactory.php(283): Doctrine\Persistence\Mapping\RuntimeReflectionService->getParentClasses('App\\Controllers\\Projeto')
 3 VENDORPATH\doctrine\persistence\src\Persistence\Mapping\AbstractClassMetadataFactory.php(318): Doctrine\Persistence\Mapping\AbstractClassMetadataFactory->getParentClasses('App\\Controllers\\Projeto')
 4 VENDORPATH\doctrine\persistence\src\Persistence\Mapping\AbstractClassMetadataFactory.php(207): Doctrine\Persistence\Mapping\AbstractClassMetadataFactory->loadMetadata('App\\Controllers\\Projeto')
 5 VENDORPATH\doctrine\orm\lib\Doctrine\ORM\EntityManager.php(318): Doctrine\Persistence\Mapping\AbstractClassMetadataFactory->getMetadataFor('App\\Controllers\\Projeto')
 6 VENDORPATH\doctrine\orm\lib\Doctrine\ORM\Repository\DefaultRepositoryFactory.php(32): Doctrine\ORM\EntityManager->getClassMetadata('App\\Controllers\\Projeto')
 7 VENDORPATH\doctrine\orm\lib\Doctrine\ORM\EntityManager.php(825): Doctrine\ORM\Repository\DefaultRepositoryFactory->getRepository(Object(Doctrine\ORM\EntityManager), 'App\\Controllers\\Projeto')
 8 APPPATH\Controllers\Atividades.php(70): Doctrine\ORM\EntityManager->getRepository('App\\Controllers\\Projeto')
 9 SYSTEMPATH\CodeIgniter.php(932): App\Controllers\Atividades->cadastrar()
10 SYSTEMPATH\CodeIgniter.php(497): CodeIgniter\CodeIgniter->runController(Object(App\Controllers\Atividades))
11 SYSTEMPATH\CodeIgniter.php(366): CodeIgniter\CodeIgniter->handleRequest(null, Object(Config\Cache), false)
12 FCPATH\index.php(67): CodeIgniter\CodeIgniter->run()
13 SYSTEMPATH\Commands\Server\rewrite.php(47): require_once('C:\\Users\\SirWe\\Downloads\\codeigniter4-framework-e392123\\public\\index.php')
