CRITICAL - 2023-07-05 00:06:31 --> Maximum execution time of 60 seconds exceeded
in VENDORPATH\doctrine\dbal\src\Driver\Mysqli\Statement.php on line 151.
 1 [internal function]: CodeIgniter\Debug\Exceptions->shutdownHandler()
CRITICAL - 2023-07-05 02:08:42 --> rename(C:\Users\SirWe\Downloads\codeigniter4-framework-e392123\app\Models/Proxies\__CG__AppModelsEntityProjeto.php.6b122ab903ba06b508a178a7,C:\Users\SirWe\Downloads\codeigniter4-framework-e392123\app\Models/Proxies\__CG__AppModelsEntityProjeto.php): Acesso negado (code: 5)
in VENDORPATH\doctrine\common\src\Proxy\ProxyGenerator.php on line 357.
 1 [internal function]: CodeIgniter\Debug\Exceptions->errorHandler(2, 'rename(C:\\Users\\SirWe\\Downloads\\codeigniter4-framework-e392123\\app\\Models/Proxies\\__CG__AppModelsEntityProjeto.php.6b122ab903ba06b508a178a7,C:\\Users\\SirWe\\Downloads\\codeigniter4-framework-e392123\\app\\Models/Proxies\\__CG__AppModelsEntityProjeto.php): Acesso negado (code: 5)', 'C:\\Users\\SirWe\\Downloads\\codeigniter4-framework-e392123\\vendor\\doctrine\\common\\src\\Proxy\\ProxyGenerator.php', 357)
 2 VENDORPATH\doctrine\common\src\Proxy\ProxyGenerator.php(357): rename('C:\\Users\\SirWe\\Downloads\\codeigniter4-framework-e392123\\app\\Models/Proxies\\__CG__AppModelsEntityProjeto.php.6b122ab903ba06b508a178a7', 'C:\\Users\\SirWe\\Downloads\\codeigniter4-framework-e392123\\app\\Models/Proxies\\__CG__AppModelsEntityProjeto.php')
 3 VENDORPATH\doctrine\common\src\Proxy\AbstractProxyFactory.php(209): Doctrine\Common\Proxy\ProxyGenerator->generateProxyClass(Object(Doctrine\ORM\Mapping\ClassMetadata), 'C:\\Users\\SirWe\\Downloads\\codeigniter4-framework-e392123\\app\\Models/Proxies\\__CG__AppModelsEntityProjeto.php')
 4 VENDORPATH\doctrine\common\src\Proxy\AbstractProxyFactory.php(109): Doctrine\Common\Proxy\AbstractProxyFactory->getProxyDefinition('App\\Models\\Entity\\Projeto')
 5 VENDORPATH\doctrine\orm\lib\Doctrine\ORM\UnitOfWork.php(2975): Doctrine\Common\Proxy\AbstractProxyFactory->getProxy('App\\Models\\Entity\\Projeto', [...])
 6 VENDORPATH\doctrine\orm\lib\Doctrine\ORM\Internal\Hydration\SimpleObjectHydrator.php(173): Doctrine\ORM\UnitOfWork->createEntity('App\\Models\\Entity\\Atividade', [...], [...])
 7 VENDORPATH\doctrine\orm\lib\Doctrine\ORM\Internal\Hydration\SimpleObjectHydrator.php(65): Doctrine\ORM\Internal\Hydration\SimpleObjectHydrator->hydrateRowData([...], [])
 8 VENDORPATH\doctrine\orm\lib\Doctrine\ORM\Internal\Hydration\AbstractHydrator.php(270): Doctrine\ORM\Internal\Hydration\SimpleObjectHydrator->hydrateAllData()
 9 VENDORPATH\doctrine\orm\lib\Doctrine\ORM\Persisters\Entity\BasicEntityPersister.php(920): Doctrine\ORM\Internal\Hydration\AbstractHydrator->hydrateAll(Object(Doctrine\DBAL\Result), Object(Doctrine\ORM\Query\ResultSetMapping), [...])
10 VENDORPATH\doctrine\orm\lib\Doctrine\ORM\EntityRepository.php(225): Doctrine\ORM\Persisters\Entity\BasicEntityPersister->loadAll([], null, null, null)
11 VENDORPATH\doctrine\orm\lib\Doctrine\ORM\EntityRepository.php(207): Doctrine\ORM\EntityRepository->findBy([])
12 APPPATH\Controllers\Atividades.php(53): Doctrine\ORM\EntityRepository->findAll()
13 SYSTEMPATH\CodeIgniter.php(932): App\Controllers\Atividades->listarTodos()
14 SYSTEMPATH\CodeIgniter.php(497): CodeIgniter\CodeIgniter->runController(Object(App\Controllers\Atividades))
15 SYSTEMPATH\CodeIgniter.php(366): CodeIgniter\CodeIgniter->handleRequest(null, Object(Config\Cache), false)
16 FCPATH\index.php(67): CodeIgniter\CodeIgniter->run()
17 SYSTEMPATH\Commands\Server\rewrite.php(47): require_once('C:\\Users\\SirWe\\Downloads\\codeigniter4-framework-e392123\\public\\index.php')
CRITICAL - 2023-07-05 02:09:01 --> rename(C:\Users\SirWe\Downloads\codeigniter4-framework-e392123\app\Models/Proxies\__CG__AppModelsEntityProjeto.php.65a0dcb6700d2caf0cc3a544,C:\Users\SirWe\Downloads\codeigniter4-framework-e392123\app\Models/Proxies\__CG__AppModelsEntityProjeto.php): Acesso negado (code: 5)
in VENDORPATH\doctrine\common\src\Proxy\ProxyGenerator.php on line 357.
 1 [internal function]: CodeIgniter\Debug\Exceptions->errorHandler(2, 'rename(C:\\Users\\SirWe\\Downloads\\codeigniter4-framework-e392123\\app\\Models/Proxies\\__CG__AppModelsEntityProjeto.php.65a0dcb6700d2caf0cc3a544,C:\\Users\\SirWe\\Downloads\\codeigniter4-framework-e392123\\app\\Models/Proxies\\__CG__AppModelsEntityProjeto.php): Acesso negado (code: 5)', 'C:\\Users\\SirWe\\Downloads\\codeigniter4-framework-e392123\\vendor\\doctrine\\common\\src\\Proxy\\ProxyGenerator.php', 357)
 2 VENDORPATH\doctrine\common\src\Proxy\ProxyGenerator.php(357): rename('C:\\Users\\SirWe\\Downloads\\codeigniter4-framework-e392123\\app\\Models/Proxies\\__CG__AppModelsEntityProjeto.php.65a0dcb6700d2caf0cc3a544', 'C:\\Users\\SirWe\\Downloads\\codeigniter4-framework-e392123\\app\\Models/Proxies\\__CG__AppModelsEntityProjeto.php')
 3 VENDORPATH\doctrine\common\src\Proxy\AbstractProxyFactory.php(209): Doctrine\Common\Proxy\ProxyGenerator->generateProxyClass(Object(Doctrine\ORM\Mapping\ClassMetadata), 'C:\\Users\\SirWe\\Downloads\\codeigniter4-framework-e392123\\app\\Models/Proxies\\__CG__AppModelsEntityProjeto.php')
 4 VENDORPATH\doctrine\common\src\Proxy\AbstractProxyFactory.php(109): Doctrine\Common\Proxy\AbstractProxyFactory->getProxyDefinition('App\\Models\\Entity\\Projeto')
 5 VENDORPATH\doctrine\orm\lib\Doctrine\ORM\UnitOfWork.php(2975): Doctrine\Common\Proxy\AbstractProxyFactory->getProxy('App\\Models\\Entity\\Projeto', [...])
 6 VENDORPATH\doctrine\orm\lib\Doctrine\ORM\Internal\Hydration\SimpleObjectHydrator.php(173): Doctrine\ORM\UnitOfWork->createEntity('App\\Models\\Entity\\Atividade', [...], [...])
 7 VENDORPATH\doctrine\orm\lib\Doctrine\ORM\Internal\Hydration\SimpleObjectHydrator.php(65): Doctrine\ORM\Internal\Hydration\SimpleObjectHydrator->hydrateRowData([...], [])
 8 VENDORPATH\doctrine\orm\lib\Doctrine\ORM\Internal\Hydration\AbstractHydrator.php(270): Doctrine\ORM\Internal\Hydration\SimpleObjectHydrator->hydrateAllData()
 9 VENDORPATH\doctrine\orm\lib\Doctrine\ORM\Persisters\Entity\BasicEntityPersister.php(920): Doctrine\ORM\Internal\Hydration\AbstractHydrator->hydrateAll(Object(Doctrine\DBAL\Result), Object(Doctrine\ORM\Query\ResultSetMapping), [...])
10 VENDORPATH\doctrine\orm\lib\Doctrine\ORM\EntityRepository.php(225): Doctrine\ORM\Persisters\Entity\BasicEntityPersister->loadAll([], null, null, null)
11 VENDORPATH\doctrine\orm\lib\Doctrine\ORM\EntityRepository.php(207): Doctrine\ORM\EntityRepository->findBy([])
12 APPPATH\Controllers\Atividades.php(53): Doctrine\ORM\EntityRepository->findAll()
13 SYSTEMPATH\CodeIgniter.php(932): App\Controllers\Atividades->listarTodos()
14 SYSTEMPATH\CodeIgniter.php(497): CodeIgniter\CodeIgniter->runController(Object(App\Controllers\Atividades))
15 SYSTEMPATH\CodeIgniter.php(366): CodeIgniter\CodeIgniter->handleRequest(null, Object(Config\Cache), false)
16 FCPATH\index.php(67): CodeIgniter\CodeIgniter->run()
17 SYSTEMPATH\Commands\Server\rewrite.php(47): require_once('C:\\Users\\SirWe\\Downloads\\codeigniter4-framework-e392123\\public\\index.php')
